SF:lib\src\ht_preferences_client.dart
DA:16,1
DA:21,1
DA:22,2
DA:30,1
DA:35,1
DA:36,2
LF:6
LH:6
end_of_record
SF:lib\src\models\app_settings.dart
DA:14,2
DA:17,1
DA:18,1
DA:29,2
DA:31,1
DA:32,3
LF:6
LH:6
end_of_record
SF:lib\src\models\app_settings.g.dart
DA:9,2
DA:10,2
DA:11,2
DA:14,1
DA:15,1
DA:16,2
DA:17,2
LF:7
LH:7
end_of_record
SF:lib\src\models\article_settings.dart
DA:13,2
DA:16,1
DA:17,1
DA:23,2
DA:25,1
DA:26,2
LF:6
LH:6
end_of_record
SF:lib\src\models\article_settings.g.dart
DA:9,1
DA:10,1
DA:11,2
DA:14,1
DA:15,1
DA:16,2
LF:6
LH:6
end_of_record
SF:lib\src\models\feed_settings.dart
DA:13,2
DA:16,1
DA:17,1
DA:23,2
DA:25,1
DA:26,2
LF:6
LH:6
end_of_record
SF:lib\src\models\feed_settings.g.dart
DA:9,2
DA:10,1
DA:12,1
DA:16,1
DA:17,1
DA:18,2
LF:6
LH:6
end_of_record
SF:lib\src\models\notification_settings.dart
DA:18,2
DA:26,1
DA:27,1
DA:42,2
DA:44,1
DA:45,1
DA:46,1
DA:47,1
DA:48,1
DA:49,1
LF:10
LH:10
end_of_record
SF:lib\src\models\notification_settings.g.dart
DA:9,1
DA:11,1
DA:12,1
DA:14,1
DA:15,2
DA:16,1
DA:19,1
DA:20,2
DA:21,1
DA:24,1
DA:25,2
DA:26,1
DA:30,1
DA:32,1
DA:33,1
DA:34,1
DA:35,1
DA:36,1
LF:18
LH:18
end_of_record
SF:lib\src\models\theme_settings.dart
DA:14,2
DA:17,1
DA:18,1
DA:27,2
DA:29,1
DA:30,3
LF:6
LH:6
end_of_record
SF:lib\src\models\theme_settings.g.dart
DA:9,1
DA:10,1
DA:11,2
DA:12,2
DA:15,1
DA:16,1
DA:17,2
DA:18,2
LF:8
LH:8
end_of_record
