SF:lib\src\exceptions.dart
DA:6,1
DA:11,1
DA:12,2
DA:20,1
DA:25,1
DA:26,2
DA:34,1
DA:42,1
DA:50,1
DA:58,1
DA:66,1
DA:74,1
DA:82,1
DA:90,1
DA:98,1
DA:106,1
DA:114,1
DA:122,1
DA:131,1
DA:139,1
DA:148,1
DA:156,1
DA:164,1
DA:172,1
DA:181,1
DA:189,1
LF:26
LH:26
end_of_record
SF:lib\src\models\app_settings.dart
DA:14,2
DA:17,1
DA:18,1
DA:29,2
DA:31,1
DA:32,3
LF:6
LH:6
end_of_record
SF:lib\src\models\app_settings.g.dart
DA:9,2
DA:10,2
DA:11,2
DA:14,1
DA:15,1
DA:16,2
DA:17,2
LF:7
LH:7
end_of_record
SF:lib\src\models\article_settings.dart
DA:13,2
DA:16,1
DA:17,1
DA:23,2
DA:25,1
DA:26,2
LF:6
LH:6
end_of_record
SF:lib\src\models\article_settings.g.dart
DA:9,1
DA:10,1
DA:11,2
DA:14,1
DA:15,1
DA:16,2
LF:6
LH:6
end_of_record
SF:lib\src\models\feed_settings.dart
DA:13,2
DA:16,1
DA:17,1
DA:23,2
DA:25,1
DA:26,2
LF:6
LH:6
end_of_record
SF:lib\src\models\feed_settings.g.dart
DA:9,2
DA:10,1
DA:12,1
DA:16,1
DA:17,1
DA:18,2
LF:6
LH:6
end_of_record
SF:lib\src\models\notification_preferences.dart
DA:12,2
DA:19,1
DA:20,1
DA:32,2
DA:34,1
DA:35,1
DA:36,1
DA:37,1
DA:38,1
LF:9
LH:9
end_of_record
SF:lib\src\models\notification_preferences.g.dart
DA:9,1
DA:11,1
DA:12,1
DA:13,1
DA:14,1
DA:16,1
DA:17,1
DA:21,1
DA:23,1
DA:24,1
DA:25,1
DA:26,1
LF:12
LH:12
end_of_record
SF:lib\src\models\theme_settings.dart
DA:14,2
DA:17,1
DA:18,1
DA:27,2
DA:29,1
DA:30,3
LF:6
LH:6
end_of_record
SF:lib\src\models\theme_settings.g.dart
DA:9,1
DA:10,1
DA:11,2
DA:12,2
DA:15,1
DA:16,1
DA:17,2
DA:18,2
LF:8
LH:8
end_of_record
